<?xml version="1.0" encoding="UTF-8" ?>
<testsuite tests="6" failures="0" name="com.zheng.OptimizedProtocolTest" time="1.579" errors="0" skipped="0">
  <properties>
[...]
</properties>
  <testcase classname="com.zheng.OptimizedProtocolTest" name="testPerformanceComparison" time="1.55"/>
  <testcase classname="com.zheng.OptimizedProtocolTest" name="testBitOperations" time="0.025"/>
  <testcase classname="com.zheng.OptimizedProtocolTest" name="testProtocolSizeComparison" time="0.003"/>
  <testcase classname="com.zheng.OptimizedProtocolTest" name="testBackwardCompatibility" time="0"/>
  <testcase classname="com.zheng.OptimizedProtocolTest" name="testSerializerAndTypeCombination" time="0.001"/>
  <testcase classname="com.zheng.OptimizedProtocolTest" name="testOptimizedEncodeAndDecode" time="0"/>
</testsuite>